<?xml version="1.0" encoding="UTF-8"?>
<!-- Generated by org.testng.reporters.JUnitXMLReporter -->
<testsuite ignored="6" hostname="GSPLK-LPA553" failures="0" tests="2" name="groupingtests" time="0.099" errors="0" timestamp="2024-12-12T11:41:20 IST">
  <testcase classname="day11.PaymentMethods" name="paymentInRupee" time="0.014"/>
  <testcase classname="day11.PaymentMethods" name="paymentInDollar" time="0.004"/>
  <testcase classname="day11.SignUpMethods" name="SignUpByGmail" time="0.0">
    <ignored/>
  </testcase> <!-- SignUpByGmail -->
  <testcase classname="day11.SignUpMethods" name="SignUpByInsta" time="0.0">
    <ignored/>
  </testcase> <!-- SignUpByInsta -->
  <testcase classname="day11.LoginMethods" name="loginByGmail" time="0.0">
    <ignored/>
  </testcase> <!-- loginByGmail -->
  <testcase classname="day11.SignUpMethods" name="SignUpByFB" time="0.0">
    <ignored/>
  </testcase> <!-- SignUpByFB -->
  <testcase classname="day11.LoginMethods" name="loginByFB" time="0.0">
    <ignored/>
  </testcase> <!-- loginByFB -->
  <testcase classname="day11.LoginMethods" name="loginByInsta" time="0.0">
    <ignored/>
  </testcase> <!-- loginByInsta -->
</testsuite> <!-- groupingtests -->
