<?xml version="1.0" encoding="UTF-8"?>
<testng-results ignored="0" total="3" passed="3" failed="0" skipped="0">
  <reporter-output>
  </reporter-output>
  <suite started-at="2024-12-13T12:43:02 IST" name="Default suite" finished-at="2024-12-13T12:43:46 IST" duration-ms="44061">
    <groups>
    </groups>
    <test started-at="2024-12-13T12:43:02 IST" name="Default test" finished-at="2024-12-13T12:43:46 IST" duration-ms="44061">
      <class name="day12.OrangeHRM">
        <test-method is-config="true" signature="setup()[pri:0, instance:day12.OrangeHRM@4fb0f2b9]" started-at="2024-12-13T12:43:02 IST" name="setup" finished-at="2024-12-13T12:43:45 IST" duration-ms="42835" status="PASS">
          <reporter-output>
          </reporter-output>
        </test-method> <!-- setup -->
        <test-method signature="testLogo()[pri:1, instance:day12.OrangeHRM@4fb0f2b9]" started-at="2024-12-13T12:43:45 IST" name="testLogo" finished-at="2024-12-13T12:43:45 IST" duration-ms="83" status="PASS">
          <reporter-output>
          </reporter-output>
        </test-method> <!-- testLogo -->
        <test-method signature="testTitle()[pri:2, instance:day12.OrangeHRM@4fb0f2b9]" started-at="2024-12-13T12:43:45 IST" name="testTitle" finished-at="2024-12-13T12:43:45 IST" duration-ms="37" status="PASS">
          <reporter-output>
          </reporter-output>
        </test-method> <!-- testTitle -->
        <test-method signature="testURL()[pri:3, instance:day12.OrangeHRM@4fb0f2b9]" started-at="2024-12-13T12:43:45 IST" name="testURL" finished-at="2024-12-13T12:43:45 IST" duration-ms="71" status="PASS">
          <reporter-output>
          </reporter-output>
        </test-method> <!-- testURL -->
        <test-method is-config="true" signature="tearDown()[pri:0, instance:day12.OrangeHRM@4fb0f2b9]" started-at="2024-12-13T12:43:45 IST" name="tearDown" finished-at="2024-12-13T12:43:46 IST" duration-ms="950" status="PASS">
          <reporter-output>
          </reporter-output>
        </test-method> <!-- tearDown -->
      </class> <!-- day12.OrangeHRM -->
    </test> <!-- Default test -->
  </suite> <!-- Default suite -->
</testng-results>
