<?xml version="1.0" encoding="UTF-8"?>
<testng-results ignored="0" total="2" passed="2" failed="0" skipped="0">
  <reporter-output>
  </reporter-output>
  <suite started-at="2024-12-12T11:41:20 IST" name="All_types_of_tcs" finished-at="2024-12-12T11:41:20 IST" duration-ms="99">
    <groups>
      <group name="functional">
        <method signature="PaymentMethods.paymentInRupee()[pri:1, instance:day11.PaymentMethods@128d2484]" name="paymentInRupee" class="day11.PaymentMethods"/>
        <method signature="PaymentMethods.paymentInDollar()[pri:2, instance:day11.PaymentMethods@128d2484]" name="paymentInDollar" class="day11.PaymentMethods"/>
      </group> <!-- functional -->
      <group name="regression">
        <method signature="PaymentMethods.paymentInRupee()[pri:1, instance:day11.PaymentMethods@128d2484]" name="paymentInRupee" class="day11.PaymentMethods"/>
        <method signature="PaymentMethods.paymentInDollar()[pri:2, instance:day11.PaymentMethods@128d2484]" name="paymentInDollar" class="day11.PaymentMethods"/>
      </group> <!-- regression -->
      <group name="sanity">
        <method signature="PaymentMethods.paymentInRupee()[pri:1, instance:day11.PaymentMethods@128d2484]" name="paymentInRupee" class="day11.PaymentMethods"/>
        <method signature="PaymentMethods.paymentInDollar()[pri:2, instance:day11.PaymentMethods@128d2484]" name="paymentInDollar" class="day11.PaymentMethods"/>
      </group> <!-- sanity -->
    </groups>
    <test started-at="2024-12-12T11:41:20 IST" name="groupingtests" finished-at="2024-12-12T11:41:20 IST" duration-ms="99">
      <class name="day11.PaymentMethods">
        <test-method signature="paymentInRupee()[pri:1, instance:day11.PaymentMethods@128d2484]" started-at="2024-12-12T11:41:20 IST" name="paymentInRupee" finished-at="2024-12-12T11:41:20 IST" duration-ms="14" status="PASS">
          <reporter-output>
          </reporter-output>
        </test-method> <!-- paymentInRupee -->
        <test-method signature="paymentInDollar()[pri:2, instance:day11.PaymentMethods@128d2484]" started-at="2024-12-12T11:41:20 IST" name="paymentInDollar" finished-at="2024-12-12T11:41:20 IST" duration-ms="4" status="PASS">
          <reporter-output>
          </reporter-output>
        </test-method> <!-- paymentInDollar -->
      </class> <!-- day11.PaymentMethods -->
    </test> <!-- groupingtests -->
  </suite> <!-- All_types_of_tcs -->
</testng-results>
